<?xml version="1.0" encoding="UTF-8"?>
<!-- Generated by org.testng.reporters.JUnitReportReporter -->
<testsuite hostname="Naveen" failures="0" tests="1" name="testproject.inh2" time="0.010" errors="0" timestamp="2024-01-12T11:23:26 IST" skipped="0">
  <testcase classname="testproject.inh2" name="get" time="0.010"/>
  <system-out/>
</testsuite> <!-- testproject.inh2 -->
